<?xml version="1.0" encoding="UTF-8"?>
<testsuite xmlns:xsi="http://www.w3.org/2001/XMLSchema-instance" xsi:noNamespaceSchemaLocation="https://maven.apache.org/surefire/maven-surefire-plugin/xsd/surefire-test-report.xsd" name="UserAccountTest" time="39.271" tests="4" errors="0" skipped="0" failures="1">
  <properties>
[...]
</properties>
  <testcase name="goToAccountFromMainPageTest" classname="UserAccountTest" time="7.45">
    <failure message="URL после входа в аккаунт и повторного клика по кнопке «Личный кабинет» должен быть переход на страницу профиля expected:&lt;...parties.site/account[/profile]&gt; but was:&lt;...parties.site/account[]&gt;" type="org.junit.ComparisonFailure"><![CDATA[org.junit.ComparisonFailure: URL после входа в аккаунт и повторного клика по кнопке «Личный кабинет» должен быть переход на страницу профиля expected:<...parties.site/account[/profile]> but was:<...parties.site/account[]>
	at UserAccountTest.goToAccountFromMainPageTest(UserAccountTest.java:68)
]]></failure>
    <system-out><![CDATA[HTTP/1.1 200 OK
Date: Sun, 24 Nov 2024 08:23:00 GMT
Content-Type: application/json; charset=utf-8
Transfer-Encoding: chunked
Connection: keep-alive
X-Powered-By: Express
Access-Control-Allow-Origin: *
authorization: Bearer eyJhbGciOiJIUzI1NiIsInR5cCI6IkpXVCJ9.eyJpZCI6IjY3NDJlMjY0OWVkMjgwMDAxYjUxYTgyNSIsImlhdCI6MTczMjQzNjU4MCwiZXhwIjoxNzMyNDM3NzgwfQ.hcxqmMsGwDmx_iKgPAE19qqwLbG7UHUYK1PaldntLxg
ETag: W/"16a-EqDQq/mDCoOLPNB69FNZSB/U5Rs"
cf-cache-status: DYNAMIC
Report-To: {"endpoints":[{"url":"https:\/\/a.nel.cloudflare.com\/report\/v4?s=3ipifIIiQKweteIRwhX%2BM7ID2y3%2FExx%2BH%2B5H%2FXcHS%2BZ4OMvXRU02ZZzEAbAz1eWvzvbKsDAYiTO%2B1%2FqRmA5H5ygSbfXalMuG0TVmHA2u6uyKAyUd2Dl%2Fcsm7U45drFKp37lAnO58xb5cte1BknPTQBGu%2FlQ%3D"}],"group":"cf-nel","max_age":604800}
NEL: {"success_fraction":0,"report_to":"cf-nel","max_age":604800}
Server: cloudflare
CF-RAY: 8e77fe92fc635423-TLL
Content-Encoding: gzip
alt-svc: h3=":443"; ma=86400
server-timing: cfL4;desc="?proto=TCP&rtt=74989&min_rtt=71716&rtt_var=26283&sent=8&recv=8&lost=0&retrans=0&sent_bytes=3302&recv_bytes=920&delivery_rate=55230&cwnd=253&unsent_bytes=0&cid=1d323c2db534cf92&ts=473&x=0"

{
    "success": true,
    "user": {
        "email": "jdtgyglb@new.ru",
        "name": "dSlRMjra"
    },
    "accessToken": "Bearer eyJhbGciOiJIUzI1NiIsInR5cCI6IkpXVCJ9.eyJpZCI6IjY3NDJlMjY0OWVkMjgwMDAxYjUxYTgyNSIsImlhdCI6MTczMjQzNjU4MCwiZXhwIjoxNzMyNDM3NzgwfQ.hcxqmMsGwDmx_iKgPAE19qqwLbG7UHUYK1PaldntLxg",
    "refreshToken": "5db6a97e9a2f9ebc2def25aa71de110f665fc4c15b6c3d00e5560feabc0c4b3d3a79e8de475a8e1d"
}
HTTP/1.1 400 Bad Request
Date: Sun, 24 Nov 2024 08:23:07 GMT
Content-Type: text/html; charset=utf-8
Transfer-Encoding: chunked
Connection: keep-alive
X-Powered-By: Express
Access-Control-Allow-Origin: *
Content-Security-Policy: default-src 'none'
X-Content-Type-Options: nosniff
cf-cache-status: DYNAMIC
Report-To: {"endpoints":[{"url":"https:\/\/a.nel.cloudflare.com\/report\/v4?s=NCfgQHPpMU3QISwzG6TMYDs%2FJZKhz9LHC6ZqfQpkVH8%2B2qsVo3rR%2BNYyTOFLcln9bwnPChOI4NqrA4AD0w6ANr2buLeWZRS1HEeBhY1poG%2FeL8gSqjEHRYUZFYlxtaYJShOgpNxWCtsILSqaPJCB7Q6PGWA%3D"}],"group":"cf-nel","max_age":604800}
NEL: {"success_fraction":0,"report_to":"cf-nel","max_age":604800}
Server: cloudflare
CF-RAY: 8e77febd7e977122-TLL
alt-svc: h3=":443"; ma=86400
server-timing: cfL4;desc="?proto=TCP&rtt=104904&sent=7&recv=8&lost=0&retrans=0&sent_bytes=3301&recv_bytes=1030&delivery_rate=47557&cwnd=253&unsent_bytes=0&cid=3f0b3a035e717ccd&ts=355&x=0"

<html lang="en">
  <head>
    <meta charset="utf-8"/>
    <title>Error</title>
  </head>
  <body>
    <pre>Bad Request</pre>
  </body>
</html>
]]></system-out>
    <system-err><![CDATA[нояб. 24, 2024 3:23:01 PM org.openqa.selenium.devtools.CdpVersionFinder findNearestMatch
WARNING: Unable to find CDP implementation matching 131
нояб. 24, 2024 3:23:01 PM org.openqa.selenium.chromium.ChromiumDriver lambda$new$5
WARNING: Unable to find version of CDP to use for 131.0.6778.86. You may need to include a dependency on a specific version of the CDP using something similar to `org.seleniumhq.selenium:selenium-devtools-v86:4.19.1` where the version ("v86") matches the version of the chromium-based browser you're using and the version number of the artifact is the same as Selenium's.
]]></system-err>
  </testcase>
  <testcase name="logoClickTest" classname="UserAccountTest" time="11.728"/>
  <testcase name="logoutTest" classname="UserAccountTest" time="10.178"/>
  <testcase name="constructorClickTest" classname="UserAccountTest" time="9.909"/>
</testsuite>